<?xml version="1.0" encoding="UTF-8"?>
<testsuite name="com.vishal.controller.ControllerTest" tests="2" skipped="0" failures="0" errors="0" timestamp="2022-11-19T06:32:31" hostname="ASPL0157" time="0.09">
  <properties/>
  <testcase name="addEmployeeTest()" classname="com.vishal.controller.ControllerTest" time="0.08"/>
  <testcase name="getEmployeeByIdTest()" classname="com.vishal.controller.ControllerTest" time="0.008"/>
  <system-out><![CDATA[2022-11-19 12:02:31.111  INFO 17694 --- [    Test worker] .b.t.a.w.s.WebMvcTestContextBootstrapper : Neither @ContextConfiguration nor @ContextHierarchy found for test class [com.vishal.controller.ControllerTest], using SpringBootContextLoader
2022-11-19 12:02:31.112  INFO 17694 --- [    Test worker] o.s.t.c.support.AbstractContextLoader    : Could not detect default resource locations for test class [com.vishal.controller.ControllerTest]: no resource found for suffixes {-context.xml, Context.groovy}.
2022-11-19 12:02:31.112  INFO 17694 --- [    Test worker] t.c.s.AnnotationConfigContextLoaderUtils : Could not detect default configuration classes for test class [com.vishal.controller.ControllerTest]: ControllerTest does not declare any static, non-private, non-final, nested classes annotated with @Configuration.
2022-11-19 12:02:31.130  INFO 17694 --- [    Test worker] .b.t.c.SpringBootTestContextBootstrapper : Found @SpringBootConfiguration com.vishal.SpringbootjpaApplication for test class com.vishal.controller.ControllerTest
2022-11-19 12:02:31.131  INFO 17694 --- [    Test worker] .b.t.a.w.s.WebMvcTestContextBootstrapper : Loaded default TestExecutionListener class names from location [META-INF/spring.factories]: [org.springframework.security.test.context.support.WithSecurityContextTestExecutionListener, org.springframework.security.test.context.support.ReactorContextTestExecutionListener, org.springframework.boot.test.autoconfigure.restdocs.RestDocsTestExecutionListener, org.springframework.boot.test.autoconfigure.web.client.MockRestServiceServerResetTestExecutionListener, org.springframework.boot.test.autoconfigure.web.servlet.MockMvcPrintOnlyOnFailureTestExecutionListener, org.springframework.boot.test.autoconfigure.web.servlet.WebDriverTestExecutionListener, org.springframework.boot.test.autoconfigure.webservices.client.MockWebServiceServerTestExecutionListener, org.springframework.boot.test.mock.mockito.MockitoTestExecutionListener, org.springframework.boot.test.mock.mockito.ResetMocksTestExecutionListener, org.springframework.test.context.web.ServletTestExecutionListener, org.springframework.test.context.support.DirtiesContextBeforeModesTestExecutionListener, org.springframework.test.context.event.ApplicationEventsTestExecutionListener, org.springframework.test.context.support.DependencyInjectionTestExecutionListener, org.springframework.test.context.support.DirtiesContextTestExecutionListener, org.springframework.test.context.transaction.TransactionalTestExecutionListener, org.springframework.test.context.jdbc.SqlScriptsTestExecutionListener, org.springframework.test.context.event.EventPublishingTestExecutionListener]
2022-11-19 12:02:31.132  INFO 17694 --- [    Test worker] .b.t.a.w.s.WebMvcTestContextBootstrapper : Using TestExecutionListeners: [org.springframework.test.context.web.ServletTestExecutionListener@4f9191c1, org.springframework.test.context.support.DirtiesContextBeforeModesTestExecutionListener@5bbaaf17, org.springframework.test.context.event.ApplicationEventsTestExecutionListener@2c69ea30, org.springframework.boot.test.mock.mockito.MockitoTestExecutionListener@76dc9569, org.springframework.boot.test.autoconfigure.SpringBootDependencyInjectionTestExecutionListener@35800dea, org.springframework.test.context.support.DirtiesContextTestExecutionListener@3b4cce5a, org.springframework.test.context.transaction.TransactionalTestExecutionListener@58178b69, org.springframework.test.context.jdbc.SqlScriptsTestExecutionListener@4a723adf, org.springframework.security.test.context.support.WithSecurityContextTestExecutionListener@7f289126, org.springframework.test.context.event.EventPublishingTestExecutionListener@22cbbe87, org.springframework.security.test.context.support.ReactorContextTestExecutionListener@46e32574, org.springframework.boot.test.autoconfigure.restdocs.RestDocsTestExecutionListener@1d1c5bb5, org.springframework.boot.test.autoconfigure.web.client.MockRestServiceServerResetTestExecutionListener@26864891, org.springframework.boot.test.autoconfigure.web.servlet.MockMvcPrintOnlyOnFailureTestExecutionListener@5946e540, org.springframework.boot.test.autoconfigure.web.servlet.WebDriverTestExecutionListener@651a399, org.springframework.boot.test.autoconfigure.webservices.client.MockWebServiceServerTestExecutionListener@79ef8115, org.springframework.boot.test.mock.mockito.ResetMocksTestExecutionListener@6db99c79]

  .   ____          _            __ _ _
 /\\ / ___'_ __ _ _(_)_ __  __ _ \ \ \ \
( ( )\___ | '_ | '_| | '_ \/ _` | \ \ \ \
 \\/  ___)| |_)| | | | | || (_| |  ) ) ) )
  '  |____| .__|_| |_|_| |_\__, | / / / /
 =========|_|==============|___/=/_/_/_/
 :: Spring Boot ::                (v2.7.5)

2022-11-19 12:02:31.160  INFO 17694 --- [    Test worker] com.vishal.controller.ControllerTest     : Starting ControllerTest using Java 11.0.17 on ASPL0157 with PID 17694 (started by vishal in /home/vishal/Downloads/app-review/app)
2022-11-19 12:02:31.160  INFO 17694 --- [    Test worker] com.vishal.controller.ControllerTest     : The following 1 profile is active: "Test"
2022-11-19 12:02:31.734  INFO 17694 --- [    Test worker] o.s.b.t.m.w.SpringBootMockServletContext : Initializing Spring TestDispatcherServlet ''
2022-11-19 12:02:31.734  INFO 17694 --- [    Test worker] o.s.t.web.servlet.TestDispatcherServlet  : Initializing Servlet ''
2022-11-19 12:02:31.735  INFO 17694 --- [    Test worker] o.s.t.web.servlet.TestDispatcherServlet  : Completed initialization in 1 ms
2022-11-19 12:02:31.757  INFO 17694 --- [    Test worker] com.vishal.controller.ControllerTest     : Started ControllerTest in 0.622 seconds (JVM running for 7.46)
]]></system-out>
  <system-err><![CDATA[]]></system-err>
</testsuite>
